0 info it worked if it ends with ok
1 verbose cli [ '/Users/Jesmine/.nvm/versions/node/v5.3.0/bin/node',
1 verbose cli   '/Users/Jesmine/.nvm/versions/node/v5.3.0/bin/npm',
1 verbose cli   'start' ]
2 info using npm@3.5.2
3 info using node@v5.3.0
4 verbose run-script [ 'prestart', 'start', 'poststart' ]
5 info lifecycle react-xedit@1.0.0~prestart: react-xedit@1.0.0
6 silly lifecycle react-xedit@1.0.0~prestart: no script for prestart, continuing
7 info lifecycle react-xedit@1.0.0~start: react-xedit@1.0.0
8 verbose lifecycle react-xedit@1.0.0~start: unsafe-perm in lifecycle true
9 verbose lifecycle react-xedit@1.0.0~start: PATH: /Users/Jesmine/.nvm/versions/node/v5.3.0/lib/node_modules/npm/bin/node-gyp-bin:/Users/Jesmine/workspace/react-xedit/node_modules/.bin:/Users/Jesmine/.sdkman/candidates/groovy/current/bin:/Users/Jesmine/.nvm/versions/node/v5.3.0/bin:/opt/local/bin:/opt/local/sbin:/opt/local/bin:/opt/local/sbin:/usr/local/bin:/usr/local/bin:/usr/bin:/bin:/usr/sbin:/sbin:/opt/X11/bin:/Library/Frameworks/Mono.framework/Versions/Current/Commands:/usr/local/bin:/Applications/Postgres.app/Contents/Versions/latest/bin:/Users/Jesmine/.rvm/bin
10 verbose lifecycle react-xedit@1.0.0~start: CWD: /Users/Jesmine/workspace/react-xedit
11 silly lifecycle react-xedit@1.0.0~start: Args: [ '-c',
11 silly lifecycle   'webpack-dev-server --progress --display-error-details' ]
12 silly lifecycle react-xedit@1.0.0~start: Returned: code: 1  signal: null
13 info lifecycle react-xedit@1.0.0~start: Failed to exec start script
14 verbose stack Error: react-xedit@1.0.0 start: `webpack-dev-server --progress --display-error-details`
14 verbose stack Exit status 1
14 verbose stack     at EventEmitter.<anonymous> (/Users/Jesmine/.nvm/versions/node/v5.3.0/lib/node_modules/npm/lib/utils/lifecycle.js:232:16)
14 verbose stack     at emitTwo (events.js:87:13)
14 verbose stack     at EventEmitter.emit (events.js:172:7)
14 verbose stack     at ChildProcess.<anonymous> (/Users/Jesmine/.nvm/versions/node/v5.3.0/lib/node_modules/npm/lib/utils/spawn.js:24:14)
14 verbose stack     at emitTwo (events.js:87:13)
14 verbose stack     at ChildProcess.emit (events.js:172:7)
14 verbose stack     at maybeClose (internal/child_process.js:818:16)
14 verbose stack     at Process.ChildProcess._handle.onexit (internal/child_process.js:211:5)
15 verbose pkgid react-xedit@1.0.0
16 verbose cwd /Users/Jesmine/workspace/react-xedit
17 error Darwin 15.6.0
18 error argv "/Users/Jesmine/.nvm/versions/node/v5.3.0/bin/node" "/Users/Jesmine/.nvm/versions/node/v5.3.0/bin/npm" "start"
19 error node v5.3.0
20 error npm  v3.5.2
21 error code ELIFECYCLE
22 error react-xedit@1.0.0 start: `webpack-dev-server --progress --display-error-details`
22 error Exit status 1
23 error Failed at the react-xedit@1.0.0 start script 'webpack-dev-server --progress --display-error-details'.
23 error Make sure you have the latest version of node.js and npm installed.
23 error If you do, this is most likely a problem with the react-xedit package,
23 error not with npm itself.
23 error Tell the author that this fails on your system:
23 error     webpack-dev-server --progress --display-error-details
23 error You can get information on how to open an issue for this project with:
23 error     npm bugs react-xedit
23 error Or if that isn't available, you can get their info via:
23 error     npm owner ls react-xedit
23 error There is likely additional logging output above.
24 verbose exit [ 1, true ]
